{
  "RSpec": {
    "coverage": {
      "/root/blogette/app/models/user.rb": [
        null,
        null,
        1,
        null,
        null,
        1,
        null,
        null,
        1,
        null
      ],
      "/root/blogette/app/models/application_record.rb": [
        null,
        null,
        1,
        1,
        null,
        192,
        null
      ],
      "/root/blogette/app/helpers/admin/posts_helper.rb": [
        null,
        null,
        1,
        null
      ],
      "/root/blogette/app/helpers/application_helper.rb": [
        null,
        null,
        1,
        null
      ],
      "/root/blogette/app/controllers/admin/authors_controller.rb": [
        null,
        null,
        1,
        1,
        null,
        1,
        1,
        null,
        null,
        1,
        1,
        null,
        1,
        null,
        null,
        1,
        null,
        1,
        1,
        null,
        1,
        null,
        null,
        1,
        2,
        1,
        null,
        1,
        null,
        null,
        null,
        1,
        null,
        1,
        1,
        null,
        null,
        1,
        null,
        1,
        3,
        null,
        null,
        1,
        2,
        null,
        null,
        null,
        null,
        null
      ],
      "/root/blogette/app/controllers/admin/application_controller.rb": [
        null,
        null,
        1,
        1,
        null,
        1,
        null
      ],
      "/root/blogette/app/controllers/application_controller.rb": [
        null,
        null,
        1,
        1,
        null,
        1,
        null,
        1,
        2,
        1,
        null,
        1,
        null,
        null,
        null
      ],
      "/root/blogette/app/controllers/admin/categories_controller.rb": [
        null,
        null,
        1,
        1,
        null,
        1,
        1,
        null,
        null,
        1,
        1,
        null,
        1,
        null,
        null,
        1,
        null,
        1,
        1,
        null,
        1,
        null,
        null,
        1,
        2,
        1,
        null,
        1,
        null,
        null,
        null,
        1,
        null,
        1,
        1,
        null,
        null,
        1,
        null,
        1,
        3,
        null,
        null,
        1,
        2,
        null,
        null,
        null,
        null
      ],
      "/root/blogette/app/controllers/admin/posts_controller.rb": [
        null,
        null,
        1,
        1,
        null,
        1,
        1,
        null,
        null,
        1,
        1,
        null,
        1,
        null,
        null,
        1,
        null,
        1,
        1,
        null,
        1,
        null,
        null,
        1,
        2,
        1,
        null,
        1,
        null,
        null,
        null,
        1,
        null,
        1,
        1,
        null,
        null,
        1,
        null,
        1,
        3,
        null,
        null,
        1,
        2,
        null,
        null,
        null,
        null,
        null,
        null,
        null
      ],
      "/root/blogette/app/controllers/admin/users_controller.rb": [
        null,
        null,
        1,
        1,
        null,
        1,
        1,
        null,
        null,
        1,
        1,
        null,
        1,
        null,
        null,
        1,
        null,
        1,
        1,
        null,
        1,
        null,
        null,
        1,
        2,
        1,
        null,
        1,
        null,
        null,
        null,
        1,
        null,
        1,
        1,
        null,
        null,
        1,
        null,
        1,
        3,
        null,
        null,
        1,
        2,
        null,
        null,
        null
      ],
      "/root/blogette/app/jobs/application_job.rb": [
        null,
        null,
        1,
        null,
        null,
        null,
        null,
        null,
        null
      ],
      "/root/blogette/app/models/author.rb": [
        null,
        null,
        1,
        1,
        1,
        null,
        1,
        1,
        null,
        1,
        4,
        null,
        null
      ],
      "/root/blogette/app/models/category.rb": [
        null,
        null,
        1,
        1,
        null,
        3,
        null
      ],
      "/root/blogette/app/models/post.rb": [
        null,
        null,
        1,
        1,
        1,
        1,
        null,
        1,
        null,
        18,
        null,
        1,
        1,
        1,
        null,
        1,
        null,
        1,
        8,
        null,
        4,
        null,
        null
      ]
    },
    "timestamp": 1559570495
  }
}
